This is pdfTeX, Version 3.1415926-1.40.10 (MiKTeX 2.8) (preloaded format=pdflatex 2011.1.7)  16 NOV 2011 08:29
entering extended mode
**C:/Users/Christoph/Dropbox/Bachelorarbeit/Texte/Arbeit/Bachelor-Arbeit.tex
(C:/Users/Christoph/Dropbox/Bachelorarbeit/Texte/Arbeit/Bachelor-Arbeit.tex
LaTeX2e <2009/09/24>
Babel <v3.8l> and hyphenation patterns for english, dumylang, nohyphenation, german, ngerman, german-x-2009-06-19, ngerm
an-x-2009-06-19, french, loaded.
("C:\Program Files (x86)\MiKTeX 2.8\tex\latex\koma-script\scrartcl.cls"
Document Class: scrartcl 2011/02/19 v3.08a KOMA-Script document class (article)
("C:\Program Files (x86)\MiKTeX 2.8\tex\latex\koma-script\scrkbase.sty"
Package: scrkbase 2011/02/19 v3.08a KOMA-Script package (KOMA-Script-dependent basics and keyval usage)

("C:\Program Files (x86)\MiKTeX 2.8\tex\latex\koma-script\scrbase.sty"
Package: scrbase 2011/02/19 v3.08a KOMA-Script package (KOMA-Script-independent basics and keyval usage)

("C:\Program Files (x86)\MiKTeX 2.8\tex\latex\graphics\keyval.sty"
Package: keyval 1999/03/16 v1.13 key=value parser (DPC)
\KV@toks@=\toks14
)
("C:\Program Files (x86)\MiKTeX 2.8\tex\latex\koma-script\scrlfile.sty"
Package: scrlfile 2011/02/11 v3.08a KOMA-Script package (loading files)

Package scrlfile, 2011/02/11 v3.08a KOMA-Script package (loading files)
                  Copyright (C) Markus Kohm

))) ("C:\Program Files (x86)\MiKTeX 2.8\tex\latex\koma-script\tocbasic.sty"
Package: tocbasic 2010/10/01 v3.07a KOMA-Script package (handling toc-files)
)
Package tocbasic Info: omitting babel extension for `toc'
(tocbasic)             because of feature `nobabel' available
(tocbasic)             for `toc' on input line 115.
Package tocbasic Info: omitting babel extension for `lof'
(tocbasic)             because of feature `nobabel' available
(tocbasic)             for `lof' on input line 116.
Package tocbasic Info: omitting babel extension for `lot'
(tocbasic)             because of feature `nobabel' available
(tocbasic)             for `lot' on input line 117.
Package scrartcl Info: You've used obsolete option `10pt'.
(scrartcl)             \KOMAExecuteOptions{fontsize=10pt} will be
(scrartcl)             used instead.
(scrartcl)             You may simply replace `10pt'
(scrartcl)             by `fontsize=10pt'.
Class scrartcl Info: File `scrsize10pt.clo' used to setup font sizes on input line 1226.

("C:\Program Files (x86)\MiKTeX 2.8\tex\latex\koma-script\scrsize10pt.clo"
File: scrsize10pt.clo 2011/02/19 v3.08a KOMA-Script font size class option (10pt)
)
("C:\Program Files (x86)\MiKTeX 2.8\tex\latex\koma-script\typearea.sty"
Package: typearea 2011/02/19 v3.08a KOMA-Script package (type area)

Package typearea, 2011/02/19 v3.08a KOMA-Script package (type area)
                  Copyright (C) Frank Neukam, 1992-1994
                  Copyright (C) Markus Kohm, 1994-

\ta@bcor=\skip41
\ta@div=\count79
\ta@hblk=\skip42
\ta@vblk=\skip43
\ta@temp=\skip44
Package typearea Info: These are the values describing the layout:
(typearea)             DIV  = 8
(typearea)             BCOR = 22.76228pt
(typearea)             \paperwidth      = 597.50793pt
(typearea)              \textwidth      = 359.21605pt
(typearea)              DIV departure   = 0%
(typearea)              \evensidemargin = 58.2571pt
(typearea)              \oddsidemargin  = 58.2571pt
(typearea)             \paperheight     = 845.04694pt
(typearea)              \textheight     = 538.0pt
(typearea)              \topmargin      = 0.36087pt
(typearea)              \headheight     = 15.0pt
(typearea)              \headsep        = 18.0pt
(typearea)              \topskip        = 10.0pt
(typearea)              \footskip       = 42.0pt
(typearea)              \baselineskip   = 12.0pt
(typearea)              on input line 1136.
)
\c@part=\count80
\c@section=\count81
\c@subsection=\count82
\c@subsubsection=\count83
\c@paragraph=\count84
\c@subparagraph=\count85
\abovecaptionskip=\skip45
\belowcaptionskip=\skip46
\c@pti@nb@sid@b@x=\box26
\c@figure=\count86
\c@table=\count87
\bibindent=\dimen102
) ("C:\Program Files (x86)\MiKTeX 2.8\tex\generic\babel\babel.sty"
Package: babel 2008/07/06 v3.8l The Babel package

*************************************
* Local config file bblopts.cfg used
*
("C:\Program Files (x86)\MiKTeX 2.8\tex\latex\00miktex\bblopts.cfg"
File: bblopts.cfg 2006/07/31 v1.0 MiKTeX 'babel' configuration
)
("C:\Program Files (x86)\MiKTeX 2.8\tex\generic\babel\ngermanb.ldf"
Language: ngermanb 2008/07/06 v2.6n new German support from the babel system

("C:\Program Files (x86)\MiKTeX 2.8\tex\generic\babel\babel.def"
File: babel.def 2008/07/06 v3.8l Babel common definitions
\babel@savecnt=\count88
\U@D=\dimen103
)
\l@naustrian = a dialect from \language\l@ngerman 
Package babel Info: Making " an active character on input line 92.
))
("C:\Program Files (x86)\MiKTeX 2.8\tex\latex\base\fontenc.sty"
Package: fontenc 2005/09/27 v1.99g Standard LaTeX package

("C:\Program Files (x86)\MiKTeX 2.8\tex\latex\base\t1enc.def"
File: t1enc.def 2005/09/27 v1.99g Standard LaTeX file
LaTeX Font Info:    Redeclaring font encoding T1 on input line 43.
))
("C:\Program Files (x86)\MiKTeX 2.8\tex\latex\base\inputenc.sty"
Package: inputenc 2008/03/30 v1.1d Input encoding file
\inpenc@prehook=\toks15
\inpenc@posthook=\toks16

("C:\Program Files (x86)\MiKTeX 2.8\tex\latex\base\latin1.def"
File: latin1.def 2008/03/30 v1.1d Input encoding file
))
("C:\Program Files (x86)\MiKTeX 2.8\tex\latex\lm\lmodern.sty"
Package: lmodern 2009/10/30 v1.6 Latin Modern Fonts
LaTeX Font Info:    Overwriting symbol font `operators' in version `normal'
(Font)                  OT1/cmr/m/n --> OT1/lmr/m/n on input line 22.
LaTeX Font Info:    Overwriting symbol font `letters' in version `normal'
(Font)                  OML/cmm/m/it --> OML/lmm/m/it on input line 23.
LaTeX Font Info:    Overwriting symbol font `symbols' in version `normal'
(Font)                  OMS/cmsy/m/n --> OMS/lmsy/m/n on input line 24.
LaTeX Font Info:    Overwriting symbol font `largesymbols' in version `normal'
(Font)                  OMX/cmex/m/n --> OMX/lmex/m/n on input line 25.
LaTeX Font Info:    Overwriting symbol font `operators' in version `bold'
(Font)                  OT1/cmr/bx/n --> OT1/lmr/bx/n on input line 26.
LaTeX Font Info:    Overwriting symbol font `letters' in version `bold'
(Font)                  OML/cmm/b/it --> OML/lmm/b/it on input line 27.
LaTeX Font Info:    Overwriting symbol font `symbols' in version `bold'
(Font)                  OMS/cmsy/b/n --> OMS/lmsy/b/n on input line 28.
LaTeX Font Info:    Overwriting symbol font `largesymbols' in version `bold'
(Font)                  OMX/cmex/m/n --> OMX/lmex/m/n on input line 29.
LaTeX Font Info:    Overwriting math alphabet `\mathbf' in version `normal'
(Font)                  OT1/cmr/bx/n --> OT1/lmr/bx/n on input line 31.
LaTeX Font Info:    Overwriting math alphabet `\mathsf' in version `normal'
(Font)                  OT1/cmss/m/n --> OT1/lmss/m/n on input line 32.
LaTeX Font Info:    Overwriting math alphabet `\mathit' in version `normal'
(Font)                  OT1/cmr/m/it --> OT1/lmr/m/it on input line 33.
LaTeX Font Info:    Overwriting math alphabet `\mathtt' in version `normal'
(Font)                  OT1/cmtt/m/n --> OT1/lmtt/m/n on input line 34.
LaTeX Font Info:    Overwriting math alphabet `\mathbf' in version `bold'
(Font)                  OT1/cmr/bx/n --> OT1/lmr/bx/n on input line 35.
LaTeX Font Info:    Overwriting math alphabet `\mathsf' in version `bold'
(Font)                  OT1/cmss/bx/n --> OT1/lmss/bx/n on input line 36.
LaTeX Font Info:    Overwriting math alphabet `\mathit' in version `bold'
(Font)                  OT1/cmr/bx/it --> OT1/lmr/bx/it on input line 37.
LaTeX Font Info:    Overwriting math alphabet `\mathtt' in version `bold'
(Font)                  OT1/cmtt/m/n --> OT1/lmtt/m/n on input line 38.
)
("C:\Program Files (x86)\MiKTeX 2.8\tex\latex\graphics\graphicx.sty"
Package: graphicx 1999/02/16 v1.0f Enhanced LaTeX Graphics (DPC,SPQR)

("C:\Program Files (x86)\MiKTeX 2.8\tex\latex\graphics\graphics.sty"
Package: graphics 2009/02/05 v1.0o Standard LaTeX Graphics (DPC,SPQR)

("C:\Program Files (x86)\MiKTeX 2.8\tex\latex\graphics\trig.sty"
Package: trig 1999/03/16 v1.09 sin cos tan (DPC)
)
("C:\Program Files (x86)\MiKTeX 2.8\tex\latex\00miktex\graphics.cfg"
File: graphics.cfg 2007/01/18 v1.5 graphics configuration of teTeX/TeXLive
)
Package graphics Info: Driver file: pdftex.def on input line 91.

("C:\Program Files (x86)\MiKTeX 2.8\tex\latex\pdftex-def\pdftex.def"
File: pdftex.def 2011/01/28 v0.05d Graphics/color for pdfTeX
\Gread@gobject=\count89
))
\Gin@req@height=\dimen104
\Gin@req@width=\dimen105
)
("C:\Program Files (x86)\MiKTeX 2.8\tex\latex\ams\math\amsmath.sty"
Package: amsmath 2000/07/18 v2.13 AMS math features
\@mathmargin=\skip47

For additional information on amsmath, use the `?' option.
("C:\Program Files (x86)\MiKTeX 2.8\tex\latex\ams\math\amstext.sty"
Package: amstext 2000/06/29 v2.01

("C:\Program Files (x86)\MiKTeX 2.8\tex\latex\ams\math\amsgen.sty"
File: amsgen.sty 1999/11/30 v2.0
\@emptytoks=\toks17
\ex@=\dimen106
))
("C:\Program Files (x86)\MiKTeX 2.8\tex\latex\ams\math\amsbsy.sty"
Package: amsbsy 1999/11/29 v1.2d
\pmbraise@=\dimen107
)
("C:\Program Files (x86)\MiKTeX 2.8\tex\latex\ams\math\amsopn.sty"
Package: amsopn 1999/12/14 v2.01 operator names
)
\inf@bad=\count90
LaTeX Info: Redefining \frac on input line 211.
\uproot@=\count91
\leftroot@=\count92
LaTeX Info: Redefining \overline on input line 307.
\classnum@=\count93
\DOTSCASE@=\count94
LaTeX Info: Redefining \ldots on input line 379.
LaTeX Info: Redefining \dots on input line 382.
LaTeX Info: Redefining \cdots on input line 467.
\Mathstrutbox@=\box27
\strutbox@=\box28
\big@size=\dimen108
LaTeX Font Info:    Redeclaring font encoding OML on input line 567.
LaTeX Font Info:    Redeclaring font encoding OMS on input line 568.
\macc@depth=\count95
\c@MaxMatrixCols=\count96
\dotsspace@=\muskip10
\c@parentequation=\count97
\dspbrk@lvl=\count98
\tag@help=\toks18
\row@=\count99
\column@=\count100
\maxfields@=\count101
\andhelp@=\toks19
\eqnshift@=\dimen109
\alignsep@=\dimen110
\tagshift@=\dimen111
\tagwidth@=\dimen112
\totwidth@=\dimen113
\lineht@=\dimen114
\@envbody=\toks20
\multlinegap=\skip48
\multlinetaggap=\skip49
\mathdisplay@stack=\toks21
LaTeX Info: Redefining \[ on input line 2666.
LaTeX Info: Redefining \] on input line 2667.
)
("C:\Program Files (x86)\MiKTeX 2.8\tex\latex\tools\tabularx.sty"
Package: tabularx 1999/01/07 v2.07 `tabularx' package (DPC)

("C:\Program Files (x86)\MiKTeX 2.8\tex\latex\tools\array.sty"
Package: array 2008/09/09 v2.4c Tabular extension package (FMi)
\col@sep=\dimen115
\extrarowheight=\dimen116
\NC@list=\toks22
\extratabsurround=\skip50
\backup@length=\skip51
)
\TX@col@width=\dimen117
\TX@old@table=\dimen118
\TX@old@col=\dimen119
\TX@target=\dimen120
\TX@delta=\dimen121
\TX@cols=\count102
\TX@ftn=\toks23
)
("C:\Program Files (x86)\MiKTeX 2.8\tex\latex\subfigure\subfigure.sty"
Package: subfigure 2002/07/30 v2.1.4 subfigure package
\subfigtopskip=\skip52
\subfigcapskip=\skip53
\subfigcaptopadj=\dimen122
\subfigbottomskip=\skip54
\subfigcapmargin=\dimen123
\subfiglabelskip=\skip55
\c@subfigure=\count103
\c@lofdepth=\count104
\c@subtable=\count105
\c@lotdepth=\count106

****************************************
* Local config file subfigure.cfg used *
****************************************
("C:\Program Files (x86)\MiKTeX 2.8\tex\latex\subfigure\subfigure.cfg")
\subfig@top=\skip56
\subfig@bottom=\skip57
)
("C:\Program Files (x86)\MiKTeX 2.8\tex\latex\graphics\color.sty"
Package: color 2005/11/14 v1.0j Standard LaTeX Color (DPC)

("C:\Program Files (x86)\MiKTeX 2.8\tex\latex\00miktex\color.cfg"
File: color.cfg 2007/01/18 v1.5 color configuration of teTeX/TeXLive
)
Package color Info: Driver file: pdftex.def on input line 130.
)
("C:\Program Files (x86)\MiKTeX 2.8\tex\latex\colortbl\colortbl.sty"
Package: colortbl 2001/02/13 v0.1j Color table columns (DPC)
\everycr=\toks24
\minrowclearance=\skip58
)
("C:\Program Files (x86)\MiKTeX 2.8\tex\latex\listings\listings.sty"
\lst@mode=\count107
\lst@gtempboxa=\box29
\lst@token=\toks25
\lst@length=\count108
\lst@currlwidth=\dimen124
\lst@column=\count109
\lst@pos=\count110
\lst@lostspace=\dimen125
\lst@width=\dimen126
\lst@newlines=\count111
\lst@lineno=\count112
\lst@maxwidth=\dimen127

("C:\Program Files (x86)\MiKTeX 2.8\tex\latex\listings\lstmisc.sty"
File: lstmisc.sty 2007/02/22 1.4 (Carsten Heinz)
\c@lstnumber=\count113
\lst@skipnumbers=\count114
\lst@framebox=\box30
)
("C:\Program Files (x86)\MiKTeX 2.8\tex\latex\listings\listings.cfg"
File: listings.cfg 2007/02/22 1.4 listings configuration
))
Package: listings 2007/02/22 1.4 (Carsten Heinz)

("C:\Program Files (x86)\MiKTeX 2.8\tex\latex\algorithms\algorithmic.sty"
Package: algorithmic 2009/08/24 v0.1 Document Style `algorithmic'

("C:\Program Files (x86)\MiKTeX 2.8\tex\latex\base\ifthen.sty"
Package: ifthen 2001/05/26 v1.1c Standard LaTeX ifthen package (DPC)
)
\c@ALC@unique=\count115
\c@ALC@line=\count116
\c@ALC@rem=\count117
\c@ALC@depth=\count118
\ALC@tlm=\skip59
\algorithmicindent=\skip60
)
(C:\Users\Christoph\Dropbox\Bachelorarbeit\Texte\Arbeit\Bachelor-Arbeit.aux)
LaTeX Font Info:    Checking defaults for OML/cmm/m/it on input line 71.
LaTeX Font Info:    ... okay on input line 71.
LaTeX Font Info:    Checking defaults for T1/cmr/m/n on input line 71.
LaTeX Font Info:    ... okay on input line 71.
LaTeX Font Info:    Checking defaults for OT1/cmr/m/n on input line 71.
LaTeX Font Info:    ... okay on input line 71.
LaTeX Font Info:    Checking defaults for OMS/cmsy/m/n on input line 71.
LaTeX Font Info:    ... okay on input line 71.
LaTeX Font Info:    Checking defaults for OMX/cmex/m/n on input line 71.
LaTeX Font Info:    ... okay on input line 71.
LaTeX Font Info:    Checking defaults for U/cmr/m/n on input line 71.
LaTeX Font Info:    ... okay on input line 71.
LaTeX Font Info:    Try loading font information for T1+lmr on input line 71.

("C:\Program Files (x86)\MiKTeX 2.8\tex\latex\lm\t1lmr.fd"
File: t1lmr.fd 2009/10/30 v1.6 Font defs for Latin Modern
)
("C:\Program Files (x86)\MiKTeX 2.8\tex\context\base\supp-pdf.tex"
[Loading MPS to PDF converter (version 2006.09.02).]
\scratchcounter=\count119
\scratchdimen=\dimen128
\scratchbox=\box31
\nofMPsegments=\count120
\nofMParguments=\count121
\everyMPshowfont=\toks26
\MPscratchCnt=\count122
\MPscratchDim=\dimen129
\MPnumerator=\count123
\everyMPtoPDFconversion=\toks27
)
\c@lstlisting=\count124
 (C:\Users\Christoph\Dropbox\Bachelorarbeit\Texte\Arbeit\Deckblatt.tex
<Bilder/UniLogo.jpg, id=1, 207.6558pt x 57.0933pt>
File: Bilder/UniLogo.jpg Graphic file (type jpg)
 <use Bilder/UniLogo.jpg> [1

{C:/ProgramData/MiKTeX/2.8/pdftex/config/pdftex.map} <C:/Users/Christoph/Dropbox/Bachelorarbeit/Texte/Arbeit/Bilder/UniL
ogo.jpg>])
LaTeX Font Info:    Try loading font information for T1+lmss on input line 100.

("C:\Program Files (x86)\MiKTeX 2.8\tex\latex\lm\t1lmss.fd"
File: t1lmss.fd 2009/10/30 v1.6 Font defs for Latin Modern
)
Underfull \hbox (badness 10000) in paragraph at lines 102--103

 []


Underfull \hbox (badness 10000) in paragraph at lines 104--105

 []

[1] (C:\Users\Christoph\Dropbox\Bachelorarbeit\Texte\Arbeit\Bachelor-Arbeit.toc
LaTeX Font Info:    Try loading font information for OT1+lmr on input line 3.

("C:\Program Files (x86)\MiKTeX 2.8\tex\latex\lm\ot1lmr.fd"
File: ot1lmr.fd 2009/10/30 v1.6 Font defs for Latin Modern
)
LaTeX Font Info:    Try loading font information for OML+lmm on input line 3.
 ("C:\Program Files (x86)\MiKTeX 2.8\tex\latex\lm\omllmm.fd"
File: omllmm.fd 2009/10/30 v1.6 Font defs for Latin Modern
)
LaTeX Font Info:    Try loading font information for OMS+lmsy on input line 3.
 ("C:\Program Files (x86)\MiKTeX 2.8\tex\latex\lm\omslmsy.fd"
File: omslmsy.fd 2009/10/30 v1.6 Font defs for Latin Modern
)
LaTeX Font Info:    Try loading font information for OMX+lmex on input line 3.

("C:\Program Files (x86)\MiKTeX 2.8\tex\latex\lm\omxlmex.fd"
File: omxlmex.fd 2009/10/30 v1.6 Font defs for Latin Modern
)
LaTeX Font Info:    External font `lmex10' loaded for size
(Font)              <10> on input line 3.
LaTeX Font Info:    External font `lmex10' loaded for size
(Font)              <7> on input line 3.
LaTeX Font Info:    External font `lmex10' loaded for size
(Font)              <5> on input line 3.
)
\tf@toc=\write3
 [2

]
(C:\Users\Christoph\Dropbox\Bachelorarbeit\Texte\Arbeit\Bachelor-Arbeit.lot)
\tf@lot=\write4

(C:\Users\Christoph\Dropbox\Bachelorarbeit\Texte\Arbeit\Bachelor-Arbeit.lof)
\tf@lof=\write5
 [3

]
(C:\Users\Christoph\Dropbox\Bachelorarbeit\Texte\Arbeit\Bach.tex
("C:\Program Files (x86)\MiKTeX 2.8\tex\latex\listings\lstlang1.sty"
File: lstlang1.sty 2004/09/05 1.3 listings language file
) [1

]
LaTeX Font Info:    Try loading font information for OMS+lmr on input line 33.

("C:\Program Files (x86)\MiKTeX 2.8\tex\latex\lm\omslmr.fd"
File: omslmr.fd 2009/10/30 v1.6 Font defs for Latin Modern
)
LaTeX Font Info:    Font shape `OMS/lmr/m/n' in size <10> not available
(Font)              Font shape `OMS/lmsy/m/n' tried instead on input line 33.
 [2] [3]
Overfull \hbox (12.53246pt too wide) in paragraph at lines 56--58
[] \T1/lmss/bx/n/10 Xen-Scheduling[][] \T1/lmr/m/n/10 Bei ge-nann-ten pro-prie-tä-ren Vir-tua-li-sie-rungs-pro-duk-ten i
st es schwie-
 []


Overfull \hbox (9.76215pt too wide) in paragraph at lines 56--58
\T1/lmr/m/n/10 Open-Source-Projekt des Xen Hy-per-vi-sors mehr Chan-cen. Beim Scheduling-Verfahren
 []


Overfull \hbox (25.44868pt too wide) in paragraph at lines 62--64
\T1/lmr/m/n/10 stand BOOST ge-setzt wer-den, wo-mit sie an-de-ren vor-ge-zo-gen wer-den. 
 []

[4]
LaTeX Font Info:    External font `lmex10' loaded for size
(Font)              <8> on input line 79.
LaTeX Font Info:    External font `lmex10' loaded for size
(Font)              <6> on input line 79.
 <Bilder/Xen.png, id=37, 308.65312pt x 186.6975pt>
File: Bilder/Xen.png Graphic file (type png)
 <use Bilder/Xen.png> [5] [6 <C:/Users/Christoph/Dropbox/Bachelorarbeit/Texte/Arbeit/Bilder/Xen.png (PNG copy)>] <Bilder
/CD.png, id=48, 311.2428pt x 210.0648pt>
File: Bilder/CD.png Graphic file (type png)
 <use Bilder/CD.png>
Underfull \hbox (badness 8094) in paragraph at lines 109--109
[]\T1/lmr/m/n/10 Komponentendiagramm des Fra-me-works mit zwei vir-tu-el-len
 []

[7] <Bilder/SD.png, id=53, 277.5168pt x 200.4288pt>
File: Bilder/SD.png Graphic file (type png)
 <use Bilder/SD.png>
<Bilder/CD1.png, id=54, 380.92313pt x 230.36063pt>
File: Bilder/CD1.png Graphic file (type png)
 <use Bilder/CD1.png> [8 <C:/Users/Christoph/Dropbox/Bachelorarbeit/Texte/Arbeit/Bilder/CD.png>] [9 <C:/Users/Christoph/
Dropbox/Bachelorarbeit/Texte/Arbeit/Bilder/SD.png>] [10 <C:/Users/Christoph/Dropbox/Bachelorarbeit/Texte/Arbeit/Bilder/C
D1.png>] [11]
LaTeX Font Info:    Try loading font information for T1+lmtt on input line 180.

("C:\Program Files (x86)\MiKTeX 2.8\tex\latex\lm\t1lmtt.fd"
File: t1lmtt.fd 2009/10/30 v1.6 Font defs for Latin Modern
) [12] [13]
LaTeX Font Info:    External font `lmex10' loaded for size
(Font)              <9> on input line 218.
 [14]
LaTeX Font Info:    Font shape `OMS/lmr/m/n' in size <9> not available
(Font)              Font shape `OMS/lmsy/m/n' tried instead on input line 245.

Overfull \hbox (1.53316pt too wide) in paragraph at lines 245--246
[][][][][][][][][][][][][][][][][][][][] 
 []

[15] [16] [17]
Overfull \hbox (46.32863pt too wide) in paragraph at lines 295--303
[][] 
 []

<Bilder/Legende.png, id=97, 288.3573pt x 92.5056pt>
File: Bilder/Legende.png Graphic file (type png)
 <use Bilder/Legende.png>
<Bilder/TCP.png, id=98, 578.16pt x 433.62pt>
File: Bilder/TCP.png Graphic file (type png)
 <use Bilder/TCP.png> <Bilder/TCPh.png, id=99, 578.16pt x 433.62pt>
File: Bilder/TCPh.png Graphic file (type png)

<use Bilder/TCPh.png> <Bilder/M1.png, id=100, 578.16pt x 433.62pt>
File: Bilder/M1.png Graphic file (type png)
 <use Bilder/M1.png>
<Bilder/M2.png, id=101, 578.16pt x 433.62pt>
File: Bilder/M2.png Graphic file (type png)
 <use Bilder/M2.png> <Bilder/IO1.png, id=102, 578.16pt x 433.62pt>
File: Bilder/IO1.png Graphic file (type png)

<use Bilder/IO1.png> <Bilder/IO3.png, id=103, 578.16pt x 433.62pt>
File: Bilder/IO3.png Graphic file (type png)
 <use Bilder/IO3.png>
<Bilder/IO2.png, id=104, 578.16pt x 433.62pt>
File: Bilder/IO2.png Graphic file (type png)
 <use Bilder/IO2.png> <Bilder/IO4.png, id=105, 578.16pt x 433.62pt>
File: Bilder/IO4.png Graphic file (type png)

<use Bilder/IO4.png> <Bilder/S1.png, id=106, 578.16pt x 433.62pt>
File: Bilder/S1.png Graphic file (type png)
 <use Bilder/S1.png>
<Bilder/S2.png, id=107, 578.16pt x 433.62pt>
File: Bilder/S2.png Graphic file (type png)
 <use Bilder/S2.png> [18 <C:/Users/Christoph/Dropbox/Bachelorarbeit/Texte/Arbeit/Bilder/Legende.png>] [19 <C:/Users/Chri
stoph/Dropbox/Bachelorarbeit/Texte/Arbeit/Bilder/TCP.png> <C:/Users/Christoph/Dropbox/Bachelorarbeit/Texte/Arbeit/Bilder
/TCPh.png>] [20 <C:/Users/Christoph/Dropbox/Bachelorarbeit/Texte/Arbeit/Bilder/M1.png> <C:/Users/Christoph/Dropbox/Bache
lorarbeit/Texte/Arbeit/Bilder/M2.png>] [21 <C:/Users/Christoph/Dropbox/Bachelorarbeit/Texte/Arbeit/Bilder/IO1.png> <C:/U
sers/Christoph/Dropbox/Bachelorarbeit/Texte/Arbeit/Bilder/IO3.png>] [22 <C:/Users/Christoph/Dropbox/Bachelorarbeit/Texte
/Arbeit/Bilder/IO2.png> <C:/Users/Christoph/Dropbox/Bachelorarbeit/Texte/Arbeit/Bilder/IO4.png>] [23 <C:/Users/Christoph
/Dropbox/Bachelorarbeit/Texte/Arbeit/Bilder/S1.png> <C:/Users/Christoph/Dropbox/Bachelorarbeit/Texte/Arbeit/Bilder/S2.pn
g>]
Overfull \hbox (8.44847pt too wide) in paragraph at lines 392--393
\T1/lmr/m/n/10 dem auch die re-gu-lä-re Do-ku-men-ta-ti-on von Py-thon ge-macht wird. 
 []

[24

] [25]
Overfull \hbox (20.30843pt too wide) in paragraph at lines 406--407
\T1/lmr/m/n/10 zum Bei-spiel durch un-ge-naue Zeit-neh-mung zu-stan-de kom-men kann. 
 []

[26]
Overfull \hbox (18.18312pt too wide) in paragraph at lines 426--427
[][][][][][][][][][][][][][][][][][][][][][][][][][][] 
 []


Overfull \hbox (2.61575pt too wide) in paragraph at lines 433--434
\T1/lmr/m/n/10 Was hier pas-siert kann fol-gen-der-ma-ÿen ver-an-schau-licht wer-den: 
 []

[27]
Overfull \hbox (20.9832pt too wide) in paragraph at lines 449--450
[][][][][][][][][][][][][][][][][][][][][][] 
 []


Overfull \hbox (16.97798pt too wide) in paragraph at lines 453--454
[]\T1/lmr/m/n/10 Zeile 17: Die Me-tho-de \T1/lmr/m/it/10 star-tU-ser \T1/lmr/m/n/10 soll-te zu-letzt noch mit der Me-tho
-de \T1/lmr/m/it/10 self.endTest()
 []

[28] [29] [30] (C:\Users\Christoph\Dropbox\Bachelorarbeit\Texte\Arbeit\Bachelor-Arbeit.bbl
Overfull \hbox (5.8897pt too wide) in paragraph at lines 16--18
[]\T1/lmr/m/n/10 ``Homepage Win-dows Vir-tu-al PC (http://www.microsoft.com/windows/virtual-
 []


Underfull \hbox (badness 10000) in paragraph at lines 58--61
[]\T1/lmr/m/n/10 N. Igot-ti, ``Py-thon API to the Vir-tu-al-Box VM
 []


Underfull \hbox (badness 10000) in paragraph at lines 58--61
\T1/lmr/m/n/10 (http://blogs.oracle.com/nike/entry/python_api_to_the_virtualbox),''
 []

)) [31] (C:\Users\Christoph\Dropbox\Bachelorarbeit\Texte\Arbeit\Bachelor-Arbeit.aux) ) 
Here is how much of TeX's memory you used:
 5900 strings out of 495285
 81636 string characters out of 3179816
 182329 words of memory out of 3000000
 8960 multiletter control sequences out of 15000+200000
 80434 words of font info for 53 fonts, out of 3000000 for 9000
 14 hyphenation exceptions out of 8191
 35i,11n,42p,1217b,1663s stack positions out of 5000i,500n,10000p,200000b,50000s
{C:/Program Files (x86)/MiKTeX 2.8
/fonts/enc/dvips/lm/lm-mathsy.enc}{C:/Program Files (x86)/MiKTeX 2.8/fonts/enc/dvips/lm/lm-ec.enc}{C:/Program Files (x86
)/MiKTeX 2.8/fonts/enc/dvips/lm/lm-rm.enc}{C:/Program Files (x86)/MiKTeX 2.8/fonts/enc/dvips/lm/lm-mathit.enc}<C:/Progra
m Files (x86)/MiKTeX 2.8/fonts/type1/public/lm/lmbx10.pfb><C:/Program Files (x86)/MiKTeX 2.8/fonts/type1/public/lm/lmbx1
2.pfb><C:/Program Files (x86)/MiKTeX 2.8/fonts/type1/public/lm/lmbx9.pfb><C:/Program Files (x86)/MiKTeX 2.8/fonts/type1/
public/lm/lmcsc10.pfb><C:/Program Files (x86)/MiKTeX 2.8/fonts/type1/public/lm/lmmi10.pfb><C:/Program Files (x86)/MiKTeX
 2.8/fonts/type1/public/lm/lmmi7.pfb><C:/Program Files (x86)/MiKTeX 2.8/fonts/type1/public/lm/lmr10.pfb><C:/Program File
s (x86)/MiKTeX 2.8/fonts/type1/public/lm/lmr12.pfb><C:/Program Files (x86)/MiKTeX 2.8/fonts/type1/public/lm/lmr6.pfb><C:
/Program Files (x86)/MiKTeX 2.8/fonts/type1/public/lm/lmr7.pfb><C:/Program Files (x86)/MiKTeX 2.8/fonts/type1/public/lm/
lmr8.pfb><C:/Program Files (x86)/MiKTeX 2.8/fonts/type1/public/lm/lmr9.pfb><C:/Program Files (x86)/MiKTeX 2.8/fonts/type
1/public/lm/lmri10.pfb><C:/Program Files (x86)/MiKTeX 2.8/fonts/type1/public/lm/lmssbx10.pfb><C:/Program Files (x86)/MiK
TeX 2.8/fonts/type1/public/lm/lmsy10.pfb><C:/Program Files (x86)/MiKTeX 2.8/fonts/type1/public/lm/lmsy7.pfb><C:/Program 
Files (x86)/MiKTeX 2.8/fonts/type1/public/lm/lmsy9.pfb><C:/Program Files (x86)/MiKTeX 2.8/fonts/type1/public/lm/lmtt10.p
fb>
Output written on Bachelor-Arbeit.pdf (35 pages, 1032307 bytes).
PDF statistics:
 225 PDF objects out of 1000 (max. 8388607)
 0 named destinations out of 1000 (max. 500000)
 81 words of extra memory for PDF output out of 10000 (max. 10000000)

