This is pdfTeX, Version 3.1415926-1.40.10 (MiKTeX 2.8) (preloaded format=pdflatex 2011.1.7)  27 OCT 2011 12:04
entering extended mode
**C:/Users/Christoph/Dropbox/Bachelorarbeit/Texte/Arbeit/Deckblatt.tex
(C:/Users/Christoph/Dropbox/Bachelorarbeit/Texte/Arbeit/Deckblatt.tex
LaTeX2e <2009/09/24>
Babel <v3.8l> and hyphenation patterns for english, dumylang, nohyphenation, german, ngerman, german-x-2009-06-19, ngerm
an-x-2009-06-19, french, loaded.

! LaTeX Error: Environment titlepage undefined.

See the LaTeX manual or LaTeX Companion for explanation.
Type  H <return>  for immediate help.
 ...                                              
                                                  
l.13 \begin{titlepage}
                      
Your command was ignored.
Type  I <command> <return>  to replace it with another command,
or  <return>  to continue without it.


! LaTeX Error: Missing \begin{document}.

See the LaTeX manual or LaTeX Companion for explanation.
Type  H <return>  for immediate help.
 ...                                              
                                                  
l.15 \begin{flushleft}
                      
You're in trouble here.  Try typing  <return>  to proceed.
If that doesn't work, type  X <return>  to quit.


Overfull \hbox (20.0pt too wide) in paragraph at lines 15--15
[] 
 []

! Undefined control sequence.
l.16 	\includegraphics
                      {Bilder/UniLogo.jpg}
The control sequence at the end of the top line
of your error message was never \def'ed. If you have
misspelled it (e.g., `\hobx'), type `I' and the correct
spelling (e.g., `I\hbox'). Otherwise just continue,
and I'll forget about whatever was undefined.

Missing character: There is no B in font nullfont!
Missing character: There is no i in font nullfont!
Missing character: There is no l in font nullfont!
Missing character: There is no d in font nullfont!
Missing character: There is no e in font nullfont!
Missing character: There is no r in font nullfont!
Missing character: There is no / in font nullfont!
Missing character: There is no U in font nullfont!
Missing character: There is no n in font nullfont!
Missing character: There is no i in font nullfont!
Missing character: There is no L in font nullfont!
Missing character: There is no o in font nullfont!
Missing character: There is no g in font nullfont!
Missing character: There is no o in font nullfont!
Missing character: There is no . in font nullfont!
Missing character: There is no j in font nullfont!
Missing character: There is no p in font nullfont!
Missing character: There is no g in font nullfont!

Overfull \hbox (20.0pt too wide) in paragraph at lines 19--19
[] 
 []

! Undefined control sequence.
l.21 \huge
          
The control sequence at the end of the top line
of your error message was never \def'ed. If you have
misspelled it (e.g., `\hobx'), type `I' and the correct
spelling (e.g., `I\hbox'). Otherwise just continue,
and I'll forget about whatever was undefined.


Overfull \hbox (55.0108pt too wide) in paragraph at lines 22--22
 \OT1/cmr/m/sc/10 Messungen 
 []


Overfull \hbox (18.51106pt too wide) in paragraph at lines 22--22
 \OT1/cmr/m/sc/10 und 
 []


Overfull \hbox (23.5165pt too wide) in paragraph at lines 22--22
 \OT1/cmr/m/sc/10 Ver- 
 []


Overfull \hbox (20.89986pt too wide) in paragraph at lines 22--22
 \OT1/cmr/m/sc/10 gle- 
 []


Overfull \hbox (15.06659pt too wide) in paragraph at lines 22--22
 \OT1/cmr/m/sc/10 ich 
 []


Overfull \hbox (18.39993pt too wide) in paragraph at lines 22--22
 \OT1/cmr/m/sc/10 von 
 []


Overfull \hbox (20.96095pt too wide) in paragraph at lines 22--22
 \OT1/cmr/m/sc/10 Vir- 
 []


Overfull \hbox (15.82213pt too wide) in paragraph at lines 22--22
 \OT1/cmr/m/sc/10 tu- 
 []


Overfull \hbox (15.04436pt too wide) in paragraph at lines 22--22
 \OT1/cmr/m/sc/10 al- 
 []


Overfull \hbox (44.45532pt too wide) in paragraph at lines 22--22
 \OT1/cmr/m/sc/10 isierung- 
 []


Overfull \hbox (33.94426pt too wide) in paragraph at lines 22--22
 \OT1/cmr/m/sc/10 sumge- 
 []


Overfull \hbox (21.84436pt too wide) in paragraph at lines 22--22
 \OT1/cmr/m/sc/10 bun- 
 []


Overfull \hbox (18.12213pt too wide) in paragraph at lines 22--22
 \OT1/cmr/m/sc/10 gen 
 []

! Undefined control sequence.
l.23 \LARGE
           
The control sequence at the end of the top line
of your error message was never \def'ed. If you have
misspelled it (e.g., `\hobx'), type `I' and the correct
spelling (e.g., `I\hbox'). Otherwise just continue,
and I'll forget about whatever was undefined.


Overfull \hbox (66.9163pt too wide) in paragraph at lines 25--25
 []\OT1/cmr/m/sc/10 Entwicklung 
 []


Overfull \hbox (24.88876pt too wide) in paragraph at lines 25--25
 \OT1/cmr/m/sc/10 eines 
 []


Overfull \hbox (27.70535pt too wide) in paragraph at lines 25--25
 \OT1/cmr/m/sc/10 Test- 
 []


Overfull \hbox (34.33318pt too wide) in paragraph at lines 25--25
 \OT1/cmr/m/sc/10 frame- 
 []


Overfull \hbox (31.44432pt too wide) in paragraph at lines 25--25
 \OT1/cmr/m/sc/10 works 
 []

! Undefined control sequence.
l.27 \large
           
The control sequence at the end of the top line
of your error message was never \def'ed. If you have
misspelled it (e.g., `\hobx'), type `I' and the correct
spelling (e.g., `I\hbox'). Otherwise just continue,
and I'll forget about whatever was undefined.

Missing character: There is no e in font nullfont!
Missing character: There is no i in font nullfont!
Missing character: There is no n in font nullfont!
Missing character: There is no g in font nullfont!
Missing character: There is no e in font nullfont!
Missing character: There is no r in font nullfont!
Missing character: There is no e in font nullfont!
Missing character: There is no i in font nullfont!
Missing character: There is no c in font nullfont!
Missing character: There is no h in font nullfont!
Missing character: There is no t in font nullfont!
Missing character: There is no v in font nullfont!
Missing character: There is no o in font nullfont!
Missing character: There is no n in font nullfont!

Overfull \hbox (50.16084pt too wide) in paragraph at lines 29--29
 []\OT1/cmr/bx/n/10 Christoph 
 []


Overfull \hbox (35.29843pt too wide) in paragraph at lines 29--29
 \OT1/cmr/bx/n/10 Steindl 
 []


Overfull \hbox (49.19418pt too wide) in paragraph at lines 29--29
 \OT1/cmr/bx/n/10 (0706052) 
 []

! Undefined control sequence.
l.31 \huge
          
The control sequence at the end of the top line
of your error message was never \def'ed. If you have
misspelled it (e.g., `\hobx'), type `I' and the correct
spelling (e.g., `I\hbox'). Otherwise just continue,
and I'll forget about whatever was undefined.


Overfull \hbox (81.21902pt too wide) in paragraph at lines 32--32
 []\OT1/cmr/m/sc/10 Bachelorarbeit 
 []

! Undefined control sequence.
l.34 \large
           
The control sequence at the end of the top line
of your error message was never \def'ed. If you have
misspelled it (e.g., `\hobx'), type `I' and the correct
spelling (e.g., `I\hbox'). Otherwise just continue,
and I'll forget about whatever was undefined.

Missing character: There is no S in font nullfont!
Missing character: There is no t in font nullfont!
Missing character: There is no u in font nullfont!
Missing character: There is no d in font nullfont!
Missing character: There is no i in font nullfont!
Missing character: There is no e in font nullfont!
Missing character: There is no n in font nullfont!
Missing character: There is no r in font nullfont!
Missing character: There is no i in font nullfont!
Missing character: There is no c in font nullfont!
Missing character: There is no h in font nullfont!
Missing character: There is no t in font nullfont!
Missing character: There is no u in font nullfont!
Missing character: There is no n in font nullfont!
Missing character: There is no g in font nullfont!
Missing character: There is no : in font nullfont!
Missing character: There is no M in font nullfont!
Missing character: There is no e in font nullfont!
Missing character: There is no d in font nullfont!
Missing character: There is no i in font nullfont!
Missing character: There is no e in font nullfont!
Missing character: There is no n in font nullfont!
Missing character: There is no i in font nullfont!
Missing character: There is no n in font nullfont!
Missing character: There is no f in font nullfont!
Missing character: There is no o in font nullfont!
Missing character: There is no r in font nullfont!
Missing character: There is no m in font nullfont!
Missing character: There is no a in font nullfont!
Missing character: There is no t in font nullfont!
Missing character: There is no i in font nullfont!
Missing character: There is no k in font nullfont!
Missing character: There is no F in font nullfont!
Missing character: There is no a in font nullfont!
Missing character: There is no k in font nullfont!
Missing character: There is no u in font nullfont!
Missing character: There is no l in font nullfont!
Missing character: There is no t in font nullfont!
Missing character: There is no ä in font nullfont!
Missing character: There is no t in font nullfont!
Missing character: There is no f in font nullfont!
Missing character: There is no ü in font nullfont!
Missing character: There is no r in font nullfont!
Missing character: There is no I in font nullfont!
Missing character: There is no n in font nullfont!
Missing character: There is no f in font nullfont!
Missing character: There is no o in font nullfont!
Missing character: There is no r in font nullfont!
Missing character: There is no m in font nullfont!
Missing character: There is no a in font nullfont!
Missing character: There is no t in font nullfont!
Missing character: There is no i in font nullfont!
Missing character: There is no k in font nullfont!
Missing character: There is no d in font nullfont!
Missing character: There is no e in font nullfont!
Missing character: There is no r in font nullfont!
Missing character: There is no U in font nullfont!
Missing character: There is no n in font nullfont!
Missing character: There is no i in font nullfont!
Missing character: There is no v in font nullfont!
Missing character: There is no e in font nullfont!
Missing character: There is no r in font nullfont!
Missing character: There is no s in font nullfont!
Missing character: There is no i in font nullfont!
Missing character: There is no t in font nullfont!
Missing character: There is no ä in font nullfont!
Missing character: There is no t in font nullfont!
Missing character: There is no W in font nullfont!
Missing character: There is no i in font nullfont!
Missing character: There is no e in font nullfont!
Missing character: There is no n in font nullfont!
Missing character: There is no B in font nullfont!
Missing character: There is no e in font nullfont!
Missing character: There is no t in font nullfont!
Missing character: There is no r in font nullfont!
Missing character: There is no e in font nullfont!
Missing character: There is no u in font nullfont!
Missing character: There is no e in font nullfont!
Missing character: There is no r in font nullfont!
Missing character: There is no : in font nullfont!
Missing character: There is no P in font nullfont!
Missing character: There is no r in font nullfont!
Missing character: There is no o in font nullfont!
Missing character: There is no f in font nullfont!
Missing character: There is no . in font nullfont!
Missing character: There is no D in font nullfont!
Missing character: There is no r in font nullfont!
Missing character: There is no . in font nullfont!
Missing character: There is no K in font nullfont!
Missing character: There is no . in font nullfont!
Missing character: There is no T in font nullfont!
Missing character: There is no u in font nullfont!
Missing character: There is no t in font nullfont!
Missing character: There is no s in font nullfont!
Missing character: There is no c in font nullfont!
Missing character: There is no h in font nullfont!
Missing character: There is no k in font nullfont!
Missing character: There is no u in font nullfont!

! LaTeX Error: \begin{document} ended by \end{titlepage}.

See the LaTeX manual or LaTeX Companion for explanation.
Type  H <return>  for immediate help.
 ...                                              
                                                  
l.42 \end{titlepage}
                    
Your command was ignored.
Type  I <command> <return>  to replace it with another command,
or  <return>  to continue without it.

)
! Emergency stop.
<*> ...x/Bachelorarbeit/Texte/Arbeit/Deckblatt.tex
                                                  
*** (job aborted, no legal \end found)

 
Here is how much of TeX's memory you used:
 14 strings out of 495285
 330 string characters out of 3179816
 46037 words of memory out of 3000000
 3311 multiletter control sequences out of 15000+200000
 4249 words of font info for 16 fonts, out of 3000000 for 9000
 14 hyphenation exceptions out of 8191
 13i,1n,10p,153b,122s stack positions out of 5000i,500n,10000p,200000b,50000s
!  ==> Fatal error occurred, no output PDF file produced!
